
<!DOCTYPE html>
<html>
	<head>
		<!--
			ExtentReports Library 2.41.1 | http://relevantcodes.com/extentreports-for-selenium/ | https://github.com/anshooarora/
			Copyright (c) 2015, Anshoo Arora (Relevant Codes) | Copyrights licensed under the New BSD License | http://opensource.org/licenses/BSD-3-Clause
			Documentation: http://extentreports.relevantcodes.com 
		-->

		<meta charset='UTF-8' /> 
		<meta name='description' content='ExtentReports (by Anshoo Arora) is a reporting library for automation testing for .NET and Java. It creates detailed and beautiful HTML reports for modern browsers. ExtentReports shows test and step summary along with dashboards, system and environment details for quick analysis of your tests.' />
		<meta name='robots' content='noodp, noydir' />
		<meta name='viewport' content='width=device-width, initial-scale=1' />
		<meta name='extentx' id='extentx' content='' />
		
		<title>
				ExtentReports 2.0
		</title>
		
		
		<link href='https://fonts.googleapis.com/css?family=Source+Sans+Pro:400,600' rel='stylesheet' type='text/css'>
		<link href='https://cdn.rawgit.com/anshooarora/extentreports/45123d736a03aca0abc5c4fcf1e746fef49736fd/cdn/extent.css' type='text/css' rel='stylesheet' />
		
		<style>
				
      
        
      
    
		</style>
	</head>
	
	
	<body class='extent default standard hide-overflow'>
		<!-- nav -->
		<nav>
			<div class='logo-container blue darken-2'>
				<a class='logo-content' href='http://extentreports.relevantcodes.com'>
					<span>ExtentReports</span>
				</a>
				<a href='#' data-activates='slide-out' class='button-collapse hide-on-large-only'><i class='mdi-navigation-apps'></i></a>
			</div>
			<ul id='slide-out' class='side-nav fixed hide-on-med-and-down'>
				<li class='analysis waves-effect active'><a href='#!' class='test-view' onclick="_updateCurrentStage(0)"><i class='mdi-action-dashboard'></i>Test Details</a></li>
				<li class='analysis waves-effect'>
					<a href='#!' onclick="_updateCurrentStage(-1)" class='dashboard-view'><i class='mdi-action-track-changes'></i></i>Analysis</a>
				</li>
			</ul>
			<span class='report-name'>DAOU WEB TEST</span> <span class='report-headline'></span>
			<ul class='right hide-on-med-and-down nav-right'>
				<li class='theme-selector' alt='Click to toggle dark theme. To enable by default, use js configuration $("body").addClass("dark");' title='Click to toggle dark theme. To enable by default, use js configuration $("body").addClass("dark");'>
					<i class='mdi-hardware-desktop-windows'></i>
				</li>
				<li>
					<span class='suite-started-time'>2016-08-09 17:19:22</span>
				</li>
				<li>
					<span>v2.41.1</span>
				</li>
			</ul>
		</nav>
		<!-- /nav -->
		
		<!-- container -->
		<div class='container'>
			
			<!-- dashboard -->
			<div id='dashboard-view' class='row'>
				<div class='time-totals'>
					<div class='col l2 m4 s6'>
						<div class='card suite-total-tests'> 
							<span class='panel-name'>Total Tests</span> 
							<span class='total-tests'> <span class='panel-lead'></span> </span> 
						</div> 
					</div>
					<div class='col l2 m4 s6'>
						<div class='card suite-total-steps'> 
							<span class='panel-name'>Total Steps</span> 
							<span class='total-steps'> <span class='panel-lead'></span> </span> 
						</div> 
					</div>
					<div class='col l2 m4 s12'>
						<div class='card suite-total-time-current'> 
							<span class='panel-name'>Total Time Taken (Current Run)</span> 
							<span class='suite-total-time-current-value panel-lead'>0h 1m 25s+247ms</span> 
						</div> 
					</div>
					<div class='col l2 m4 s12'>
						<div class='card suite-total-time-overall'> 
							<span class='panel-name'>Total Time Taken (Overall)</span> 
							<span class='suite-total-time-overall-value panel-lead'>0h 1m 73s+703ms</span> 
						</div> 
					</div>
					<div class='col l2 m4 s6 suite-start-time'>
						<div class='card accent green-accent'> 
							<span class='panel-name'>Start</span> 
							<span class='panel-lead suite-started-time'>2016-08-09 17:17:57</span> 
						</div> 
					</div>
					<div class='col l2 m4 s6 suite-end-time'>
						<div class='card accent pink-accent'> 
							<span class='panel-name'>End</span> 
							<span class='panel-lead suite-ended-time'>2016-08-09 17:19:22</span> 
						</div> 
					</div>
				</div>
				<div class='charts'>
					<div class='col s12 m6 l4 fh'> 
						<div class='card-panel'> 
							<div>
								<span class='panel-name'>Tests View</span>
							</div> 
							<div class='panel-setting modal-trigger test-count-setting right'>
								<a href='#test-count-setting'><i class='mdi-navigation-more-vert text-md'></i></a>
							</div> 
							<div class='chart-box'>
								<canvas class='text-centered' id='test-analysis'></canvas>
							</div> 
							<div>
								<span class='weight-light'><span class='t-pass-count weight-normal'></span> test(s) passed</span>
							</div> 
							<div>
								<span class='weight-light'><span class='t-fail-count weight-normal'></span> test(s) failed, <span class='t-others-count weight-normal'></span> others</span>
							</div> 
						</div> 
					</div> 
					<div class='col s12 m6 l4 fh'> 
						<div class='card-panel'> 
							<div>
								<span class='panel-name'>Steps View</span>
							</div> 
							<div class='panel-setting modal-trigger step-status-filter right'>
								<a href='#step-status-filter'><i class='mdi-navigation-more-vert text-md'></i></a>
							</div> 
							<div class='chart-box'>
								<canvas class='text-centered' id='step-analysis'></canvas>
							</div> 
							<div>
								<span class='weight-light'><span class='s-pass-count weight-normal'></span> step(s) passed </span>
							</div> 
							<div>
								<span class='weight-light'><span class='s-fail-count weight-normal'></span> step(s) failed, <span class='s-others-count weight-normal'></span> others</span>
							</div> 
						</div> 
					</div>
					<div class='col s12 m12 l4 fh'> 
						<div class='card-panel'> 
							<span class='panel-name'>Pass Percentage</span> 
							<span class='pass-percentage panel-lead'></span> 
							<div class='progress light-blue lighten-3'> 
								<div class='determinate light-blue'></div> 
							</div> 
						</div> 
					</div>
				</div>
				<div class='system-view'>
					<div class='col l4 m12 s12'>
						<div class='card-panel'>
							<span class='label info outline right'>Environment</span>
							<table>
								<thead>
									<tr>
										<th>Param</th>
										<th>Value</th>
									</tr>
								</thead>
								<tbody>
										<tr>
											<td>User Name</td>
											<td>daou</td>
										</tr>
										<tr>
											<td>OS</td>
											<td>Windows 7</td>
										</tr>
										<tr>
											<td>Java Version</td>
											<td>1.8.0_91</td>
										</tr>
										<tr>
											<td>Host Name</td>
											<td>daou-2748</td>
										</tr>
								</tbody>
							</table>
						</div>
					</div>
				</div>
			</div>
			<!-- /dashboard -->
			
			<!-- tests -->
			<div id='test-view' class='row _addedTable'>
				<div class='col _addedCell1'>
					<div class='contents'>
						<div class='card-panel heading'>
							<h5>Tests</h5>
						</div>
						<div class='card-panel filters'>
							<div>
								<a class='dropdown-button btn-floating btn-small waves-effect waves-light grey tests-toggle' data-activates='tests-toggle' data-constrainwidth='true' data-beloworigin='true' data-hover='true' href='#'>
									<i class='mdi-action-reorder'></i>
								</a>
								<ul id='tests-toggle' class='dropdown-content'>
									<li class='pass'><a href='#!'>Pass</a></li>
									<li class='fail'><a href='#!'>Fail</a></li>
										<li class='error'><a href='#!'>Error</a></li>
									<li class='skip'><a href='#!'>Skip</a></li>
										<li class='unknown'><a href='#!'>Unknown</a></li>
									<li class='divider'></li>
									<li class='clear'><a href='#!'>Clear Filters</a></li>
								</ul>
							</div>
							<div>
								<a class='btn-floating btn-small waves-effect waves-light grey' id='clear-filters' alt='Clear Filters' title='Clear Filters'>
									<i class='mdi-navigation-close'></i>
								</a>
							</div>
							<div>
								<a class='btn-floating btn-small waves-effect waves-light grey' id='enableDashboard' alt='Enable Dashboard' title='Enable Dashboard'>
									<i class='mdi-action-track-changes'></i>
								</a>
							</div>
							<div>
								<a class='btn-floating btn-small waves-effect waves-light blue enabled' id='refreshCharts' alt='Refresh Charts on Filters' title='Refresh Charts on Filters'>
									<i class='mdi-navigation-refresh'></i>
								</a>
							</div>
							<div class='search' alt='Search Tests' title='Search Tests'>
								<div class='input-field left'>
									<input id='searchTests' type='text' class='validate' placeholder='Search Tests...'>
								</div>
								<a href="#" class='btn-floating btn-small waves-effect waves-light grey'>
									<i class='mdi-action-search'></i>
								</a>
							</div>
						</div>
						<div class='card-panel no-padding-h no-padding-v no-margin-v'>
							<div class='wrapper'>
								<ul id='test-collection' class='test-collection'>
										<li class='collection-item test displayed active error hasChildren' extentid='e63c6489-d529-4045-8df8-f88606d143a5'>
											<div class='test-head'>
												<span class='test-name'>Chrome </span>
												<span class='test-status label right outline capitalize error'>error</span>
												<span class='category-assigned hide '></span>
											</div>
											<div class='test-body'>
												<div class='test-info'>
													<span title='Test started time' alt='Test started time' class='test-started-time label green lighten-1 text-white'>2016-08-09 17:17:57</span>
													<span title='Test ended time' alt='Test ended time' class='test-ended-time label red lighten-1 text-white'>2016-08-09 17:18:20</span>
													<span title='Time taken to finish' alt='Time taken to finish' class='test-time-taken label blue-grey lighten-3 text-white'>0h 0m 23s+0ms</span>
												</div>
												<div class='test-desc'></div>
												<div class='test-attributes'>
												</div>
												<div class='test-steps'>
													<table class='bordered table-results'>
														<thead>
															<tr>
																<th>Status</th>
																<th>Timestamp</th>
																<th>Details</th>
															</tr>
														</thead>
														<tbody>
														</tbody>
													</table>
													<ul class='collapsible node-list' data-collapsible='accordion'>
																	<li class='displayed error node-1x'>
																		<div class='collapsible-header test-node error'>
																			<div class='right test-info'>
																				<span title='Test started time' alt='Test started time' class='test-started-time label green lighten-2 text-white'>2016-08-09 17:17:57</span>
																				<span title='Test ended time' alt='Test ended time' class='test-ended-time label red lighten-2 text-white'>2016-08-09 17:18:20</span>
																				<span title='Time taken to finish' alt='Time taken to finish' class='test-time-taken label blue-grey lighten-2 text-white'>0h 0m 23s+0ms</span>
																				<span class='test-status label outline capitalize error'>error</span>
																			</div>
																			<div class='test-node-name'>Message</div>
																		</div>
																		<div class='collapsible-body'>
																			<div class='test-steps'>
																				<table class='bordered table-results'>
																					<thead>
																						<tr>
																							<th>Status</th>
																							<th>Timestamp</th>
																							<th>Details</th>
																						</tr>
																					</thead>
																					<tbody>
																							<tr>
																								<td class='status pass' title='pass' alt='pass'><i class='mdi-action-check-circle'></i></td>
																								<td class='timestamp'>17:18:03</td>
																								<td class='step-details'>init</td>
																							</tr>
																							<tr>
																								<td class='status pass' title='pass' alt='pass'><i class='mdi-action-check-circle'></i></td>
																								<td class='timestamp'>17:18:12</td>
																								<td class='step-details'>loadAddress_FromGroup</td>
																							</tr>
																							<tr>
																								<td class='status pass' title='pass' alt='pass'><i class='mdi-action-check-circle'></i></td>
																								<td class='timestamp'>17:18:12</td>
																								<td class='step-details'>typeTitle</td>
																							</tr>
																							<tr>
																								<td class='status pass' title='pass' alt='pass'><i class='mdi-action-check-circle'></i></td>
																								<td class='timestamp'>17:18:13</td>
																								<td class='step-details'>typeMessage</td>
																							</tr>
																							<tr>
																								<td class='status pass' title='pass' alt='pass'><i class='mdi-action-check-circle'></i></td>
																								<td class='timestamp'>17:18:15</td>
																								<td class='step-details'>saveMessage</td>
																							</tr>
																							<tr>
																								<td class='status error' title='error' alt='error'><i class='mdi-alert-error'></i></td>
																								<td class='timestamp'>17:18:20</td>
																								<td class='step-details'>send<br><pre>org.openqa.selenium.NoSuchElementException: no such element: Unable to locate element: {"method":"id","selector":"textReceiverInput"}
  (Session info: chrome=52.0.2743.116)
  (Driver info: chromedriver=2.22.397933 (1cab651507b88dec79b2b2a22d1943c01833cc1b),platform=Windows NT 6.1.7601 SP1 x86) (WARNING: The server did not provide any stacktrace information)
Command duration or timeout: 5.06 seconds
For documentation on this error, please visit: http://seleniumhq.org/exceptions/no_such_element.html
Build info: version: '2.53.1', revision: 'a36b8b1cd5757287168e54b817830adce9b0158d', time: '2016-06-30 19:26:09'
System info: host: 'daou-2748', ip: '172.21.25.202', os.name: 'Windows 7', os.arch: 'x86', os.version: '6.1', java.version: '1.8.0_91'
Driver info: org.openqa.selenium.chrome.ChromeDriver
Capabilities [{applicationCacheEnabled=false, rotatable=false, mobileEmulationEnabled=false, chrome={chromedriverVersion=2.22.397933 (1cab651507b88dec79b2b2a22d1943c01833cc1b), userDataDir=C:\Users\daou\AppData\Local\Temp\scoped_dir5952_26974}, takesHeapSnapshot=true, databaseEnabled=false, handlesAlerts=true, hasTouchScreen=false, version=52.0.2743.116, platform=XP, browserConnectionEnabled=false, nativeEvents=true, acceptSslCerts=true, locationContextEnabled=true, webStorageEnabled=true, browserName=chrome, takesScreenshot=true, javascriptEnabled=true, cssSelectorsEnabled=true}]
Session ID: a3080a1a68e8960022c2a398dde1e623
*** Element info: {Using=id, value=textReceiverInput}
	at sun.reflect.NativeConstructorAccessorImpl.newInstance0(Native Method)
	at sun.reflect.NativeConstructorAccessorImpl.newInstance(NativeConstructorAccessorImpl.java:62)
	at sun.reflect.DelegatingConstructorAccessorImpl.newInstance(DelegatingConstructorAccessorImpl.java:45)
	at java.lang.reflect.Constructor.newInstance(Constructor.java:423)
	at org.openqa.selenium.remote.ErrorHandler.createThrowable(ErrorHandler.java:206)
	at org.openqa.selenium.remote.ErrorHandler.throwIfResponseFailed(ErrorHandler.java:158)
	at org.openqa.selenium.remote.RemoteWebDriver.execute(RemoteWebDriver.java:678)
	at org.openqa.selenium.remote.RemoteWebDriver.findElement(RemoteWebDriver.java:363)
	at org.openqa.selenium.remote.RemoteWebDriver.findElementById(RemoteWebDriver.java:413)
	at org.openqa.selenium.By$ById.findElement(By.java:218)
	at org.openqa.selenium.remote.RemoteWebDriver.findElement(RemoteWebDriver.java:355)
	at com.daou.chasedae.web_test.adppurio.Message.send(Message.java:83)
	at com.daou.chasedae.web_test.adppurio.TestSuite.test(TestSuite.java:103)
	at com.daou.chasedae.web_test.adppurio.Main_Chrome.main(Main_Chrome.java:52)
	at sun.reflect.NativeMethodAccessorImpl.invoke0(Native Method)
	at sun.reflect.NativeMethodAccessorImpl.invoke(NativeMethodAccessorImpl.java:62)
	at sun.reflect.DelegatingMethodAccessorImpl.invoke(DelegatingMethodAccessorImpl.java:43)
	at java.lang.reflect.Method.invoke(Method.java:498)
	at org.junit.runners.model.FrameworkMethod$1.runReflectiveCall(FrameworkMethod.java:50)
	at org.junit.internal.runners.model.ReflectiveCallable.run(ReflectiveCallable.java:12)
	at org.junit.runners.model.FrameworkMethod.invokeExplosively(FrameworkMethod.java:47)
	at org.junit.internal.runners.statements.InvokeMethod.evaluate(InvokeMethod.java:17)
	at org.junit.internal.runners.statements.RunBefores.evaluate(RunBefores.java:26)
	at org.junit.internal.runners.statements.RunAfters.evaluate(RunAfters.java:27)
	at org.junit.runners.ParentRunner.runLeaf(ParentRunner.java:325)
	at org.junit.runners.BlockJUnit4ClassRunner.runChild(BlockJUnit4ClassRunner.java:78)
	at org.junit.runners.BlockJUnit4ClassRunner.runChild(BlockJUnit4ClassRunner.java:57)
	at org.junit.runners.ParentRunner$3.run(ParentRunner.java:290)
	at org.junit.runners.ParentRunner$1.schedule(ParentRunner.java:71)
	at org.junit.runners.ParentRunner.runChildren(ParentRunner.java:288)
	at org.junit.runners.ParentRunner.access$000(ParentRunner.java:58)
	at org.junit.runners.ParentRunner$2.evaluate(ParentRunner.java:268)
	at org.junit.runners.ParentRunner.run(ParentRunner.java:363)
	at org.junit.runners.Suite.runChild(Suite.java:128)
	at org.junit.runners.Suite.runChild(Suite.java:27)
	at org.junit.runners.ParentRunner$3.run(ParentRunner.java:290)
	at org.junit.runners.ParentRunner$1.schedule(ParentRunner.java:71)
	at org.junit.runners.ParentRunner.runChildren(ParentRunner.java:288)
	at org.junit.runners.ParentRunner.access$000(ParentRunner.java:58)
	at org.junit.runners.ParentRunner$2.evaluate(ParentRunner.java:268)
	at org.junit.runners.ParentRunner.run(ParentRunner.java:363)
	at org.junit.runner.JUnitCore.run(JUnitCore.java:137)
	at org.junit.runner.JUnitCore.run(JUnitCore.java:115)
	at org.junit.runner.JUnitCore.runMain(JUnitCore.java:77)
	at org.junit.runner.JUnitCore.main(JUnitCore.java:36)
	at com.daou.chasedae.web_test.Main.main(Main.java:17)
</pre></td>
																							</tr>
																					</tbody>
																				</table>
																			</div>
																		</div>
																	</li>
																	<li class='displayed unknown node-1x'>
																		<div class='collapsible-header test-node unknown'>
																			<div class='right test-info'>
																				<span title='Test started time' alt='Test started time' class='test-started-time label green lighten-2 text-white'>2016-08-09 17:17:57</span>
																				<span title='Test ended time' alt='Test ended time' class='test-ended-time label red lighten-2 text-white'>2016-08-09 17:18:20</span>
																				<span title='Time taken to finish' alt='Time taken to finish' class='test-time-taken label blue-grey lighten-2 text-white'>0h 0m 23s+0ms</span>
																				<span class='test-status label outline capitalize unknown'>unknown</span>
																			</div>
																			<div class='test-node-name'>Address</div>
																		</div>
																		<div class='collapsible-body'>
																			<div class='test-steps'>
																				<table class='bordered table-results'>
																					<thead>
																						<tr>
																							<th>Status</th>
																							<th>Timestamp</th>
																							<th>Details</th>
																						</tr>
																					</thead>
																					<tbody>
																					</tbody>
																				</table>
																			</div>
																		</div>
																	</li>
																	<li class='displayed unknown node-1x'>
																		<div class='collapsible-header test-node unknown'>
																			<div class='right test-info'>
																				<span title='Test started time' alt='Test started time' class='test-started-time label green lighten-2 text-white'>2016-08-09 17:17:57</span>
																				<span title='Test ended time' alt='Test ended time' class='test-ended-time label red lighten-2 text-white'>2016-08-09 17:18:20</span>
																				<span title='Time taken to finish' alt='Time taken to finish' class='test-time-taken label blue-grey lighten-2 text-white'>0h 0m 23s+0ms</span>
																				<span class='test-status label outline capitalize unknown'>unknown</span>
																			</div>
																			<div class='test-node-name'>Member</div>
																		</div>
																		<div class='collapsible-body'>
																			<div class='test-steps'>
																				<table class='bordered table-results'>
																					<thead>
																						<tr>
																							<th>Status</th>
																							<th>Timestamp</th>
																							<th>Details</th>
																						</tr>
																					</thead>
																					<tbody>
																					</tbody>
																				</table>
																			</div>
																		</div>
																	</li>
													</ul>
												</div>
											</div>
										</li>
										<li class='collection-item test displayed active error hasChildren' extentid='36c05f94-0159-465b-b22c-397c7d185e97'>
											<div class='test-head'>
												<span class='test-name'>Firefox </span>
												<span class='test-status label right outline capitalize error'>error</span>
												<span class='category-assigned hide '></span>
											</div>
											<div class='test-body'>
												<div class='test-info'>
													<span title='Test started time' alt='Test started time' class='test-started-time label green lighten-1 text-white'>2016-08-09 17:18:29</span>
													<span title='Test ended time' alt='Test ended time' class='test-ended-time label red lighten-1 text-white'>2016-08-09 17:18:49</span>
													<span title='Time taken to finish' alt='Time taken to finish' class='test-time-taken label blue-grey lighten-3 text-white'>0h 0m 20s+0ms</span>
												</div>
												<div class='test-desc'></div>
												<div class='test-attributes'>
												</div>
												<div class='test-steps'>
													<table class='bordered table-results'>
														<thead>
															<tr>
																<th>Status</th>
																<th>Timestamp</th>
																<th>Details</th>
															</tr>
														</thead>
														<tbody>
														</tbody>
													</table>
													<ul class='collapsible node-list' data-collapsible='accordion'>
																	<li class='displayed error node-1x'>
																		<div class='collapsible-header test-node error'>
																			<div class='right test-info'>
																				<span title='Test started time' alt='Test started time' class='test-started-time label green lighten-2 text-white'>2016-08-09 17:18:29</span>
																				<span title='Test ended time' alt='Test ended time' class='test-ended-time label red lighten-2 text-white'>2016-08-09 17:18:49</span>
																				<span title='Time taken to finish' alt='Time taken to finish' class='test-time-taken label blue-grey lighten-2 text-white'>0h 0m 20s+0ms</span>
																				<span class='test-status label outline capitalize error'>error</span>
																			</div>
																			<div class='test-node-name'>Message</div>
																		</div>
																		<div class='collapsible-body'>
																			<div class='test-steps'>
																				<table class='bordered table-results'>
																					<thead>
																						<tr>
																							<th>Status</th>
																							<th>Timestamp</th>
																							<th>Details</th>
																						</tr>
																					</thead>
																					<tbody>
																							<tr>
																								<td class='status pass' title='pass' alt='pass'><i class='mdi-action-check-circle'></i></td>
																								<td class='timestamp'>17:18:34</td>
																								<td class='step-details'>init</td>
																							</tr>
																							<tr>
																								<td class='status pass' title='pass' alt='pass'><i class='mdi-action-check-circle'></i></td>
																								<td class='timestamp'>17:18:41</td>
																								<td class='step-details'>loadAddress_FromGroup</td>
																							</tr>
																							<tr>
																								<td class='status pass' title='pass' alt='pass'><i class='mdi-action-check-circle'></i></td>
																								<td class='timestamp'>17:18:41</td>
																								<td class='step-details'>typeTitle</td>
																							</tr>
																							<tr>
																								<td class='status pass' title='pass' alt='pass'><i class='mdi-action-check-circle'></i></td>
																								<td class='timestamp'>17:18:41</td>
																								<td class='step-details'>typeMessage</td>
																							</tr>
																							<tr>
																								<td class='status pass' title='pass' alt='pass'><i class='mdi-action-check-circle'></i></td>
																								<td class='timestamp'>17:18:43</td>
																								<td class='step-details'>saveMessage</td>
																							</tr>
																							<tr>
																								<td class='status error' title='error' alt='error'><i class='mdi-alert-error'></i></td>
																								<td class='timestamp'>17:18:49</td>
																								<td class='step-details'>send<br><pre>org.openqa.selenium.NoSuchElementException: Unable to locate element: {"method":"id","selector":"textReceiverInput"}
Command duration or timeout: 5.08 seconds
For documentation on this error, please visit: http://seleniumhq.org/exceptions/no_such_element.html
Build info: version: '2.53.1', revision: 'a36b8b1cd5757287168e54b817830adce9b0158d', time: '2016-06-30 19:26:09'
System info: host: 'daou-2748', ip: '172.21.25.202', os.name: 'Windows 7', os.arch: 'x86', os.version: '6.1', java.version: '1.8.0_91'
Driver info: org.openqa.selenium.firefox.FirefoxDriver
Capabilities [{applicationCacheEnabled=true, rotatable=false, handlesAlerts=true, databaseEnabled=true, version=47.0.1, platform=WINDOWS, nativeEvents=false, acceptSslCerts=true, webStorageEnabled=true, locationContextEnabled=true, browserName=firefox, takesScreenshot=true, javascriptEnabled=true, cssSelectorsEnabled=true}]
Session ID: 2a0665f8-03c5-4b48-8ef4-4d318125c1cd
*** Element info: {Using=id, value=textReceiverInput}
	at sun.reflect.NativeConstructorAccessorImpl.newInstance0(Native Method)
	at sun.reflect.NativeConstructorAccessorImpl.newInstance(NativeConstructorAccessorImpl.java:62)
	at sun.reflect.DelegatingConstructorAccessorImpl.newInstance(DelegatingConstructorAccessorImpl.java:45)
	at java.lang.reflect.Constructor.newInstance(Constructor.java:423)
	at org.openqa.selenium.remote.ErrorHandler.createThrowable(ErrorHandler.java:206)
	at org.openqa.selenium.remote.ErrorHandler.throwIfResponseFailed(ErrorHandler.java:158)
	at org.openqa.selenium.remote.RemoteWebDriver.execute(RemoteWebDriver.java:678)
	at org.openqa.selenium.remote.RemoteWebDriver.findElement(RemoteWebDriver.java:363)
	at org.openqa.selenium.remote.RemoteWebDriver.findElementById(RemoteWebDriver.java:413)
	at org.openqa.selenium.By$ById.findElement(By.java:218)
	at org.openqa.selenium.remote.RemoteWebDriver.findElement(RemoteWebDriver.java:355)
	at com.daou.chasedae.web_test.adppurio.Message.send(Message.java:83)
	at com.daou.chasedae.web_test.adppurio.TestSuite.test(TestSuite.java:103)
	at com.daou.chasedae.web_test.adppurio.Main_Firefox.main(Main_Firefox.java:50)
	at sun.reflect.NativeMethodAccessorImpl.invoke0(Native Method)
	at sun.reflect.NativeMethodAccessorImpl.invoke(NativeMethodAccessorImpl.java:62)
	at sun.reflect.DelegatingMethodAccessorImpl.invoke(DelegatingMethodAccessorImpl.java:43)
	at java.lang.reflect.Method.invoke(Method.java:498)
	at org.junit.runners.model.FrameworkMethod$1.runReflectiveCall(FrameworkMethod.java:50)
	at org.junit.internal.runners.model.ReflectiveCallable.run(ReflectiveCallable.java:12)
	at org.junit.runners.model.FrameworkMethod.invokeExplosively(FrameworkMethod.java:47)
	at org.junit.internal.runners.statements.InvokeMethod.evaluate(InvokeMethod.java:17)
	at org.junit.internal.runners.statements.RunBefores.evaluate(RunBefores.java:26)
	at org.junit.internal.runners.statements.RunAfters.evaluate(RunAfters.java:27)
	at org.junit.runners.ParentRunner.runLeaf(ParentRunner.java:325)
	at org.junit.runners.BlockJUnit4ClassRunner.runChild(BlockJUnit4ClassRunner.java:78)
	at org.junit.runners.BlockJUnit4ClassRunner.runChild(BlockJUnit4ClassRunner.java:57)
	at org.junit.runners.ParentRunner$3.run(ParentRunner.java:290)
	at org.junit.runners.ParentRunner$1.schedule(ParentRunner.java:71)
	at org.junit.runners.ParentRunner.runChildren(ParentRunner.java:288)
	at org.junit.runners.ParentRunner.access$000(ParentRunner.java:58)
	at org.junit.runners.ParentRunner$2.evaluate(ParentRunner.java:268)
	at org.junit.runners.ParentRunner.run(ParentRunner.java:363)
	at org.junit.runners.Suite.runChild(Suite.java:128)
	at org.junit.runners.Suite.runChild(Suite.java:27)
	at org.junit.runners.ParentRunner$3.run(ParentRunner.java:290)
	at org.junit.runners.ParentRunner$1.schedule(ParentRunner.java:71)
	at org.junit.runners.ParentRunner.runChildren(ParentRunner.java:288)
	at org.junit.runners.ParentRunner.access$000(ParentRunner.java:58)
	at org.junit.runners.ParentRunner$2.evaluate(ParentRunner.java:268)
	at org.junit.runners.ParentRunner.run(ParentRunner.java:363)
	at org.junit.runner.JUnitCore.run(JUnitCore.java:137)
	at org.junit.runner.JUnitCore.run(JUnitCore.java:115)
	at org.junit.runner.JUnitCore.runMain(JUnitCore.java:77)
	at org.junit.runner.JUnitCore.main(JUnitCore.java:36)
	at com.daou.chasedae.web_test.Main.main(Main.java:17)
Caused by: org.openqa.selenium.NoSuchElementException: Unable to locate element: {"method":"id","selector":"textReceiverInput"}
For documentation on this error, please visit: http://seleniumhq.org/exceptions/no_such_element.html
Build info: version: '2.53.1', revision: 'a36b8b1cd5757287168e54b817830adce9b0158d', time: '2016-06-30 19:26:09'
System info: host: 'daou-2748', ip: '172.21.25.202', os.name: 'Windows 7', os.arch: 'x86', os.version: '6.1', java.version: '1.8.0_91'
Driver info: driver.version: unknown
	at 
 <anonymous class>
  .FirefoxDriver.prototype.findElementInternal_(file:///C:/Users/daou/AppData/Local/Temp/anonymous3045345400815302448webdriver-profile/extensions/fxdriver@googlecode.com/components/driver-component.js:10770)
	at 
  <anonymous class>
   .fxdriver.Timer.prototype.setTimeout/&lt;.notify(file:///C:/Users/daou/AppData/Local/Temp/anonymous3045345400815302448webdriver-profile/extensions/fxdriver@googlecode.com/components/driver-component.js:625) 
  </anonymous>
 </anonymous></pre></td>
																							</tr>
																					</tbody>
																				</table>
																			</div>
																		</div>
																	</li>
																	<li class='displayed unknown node-1x'>
																		<div class='collapsible-header test-node unknown'>
																			<div class='right test-info'>
																				<span title='Test started time' alt='Test started time' class='test-started-time label green lighten-2 text-white'>2016-08-09 17:18:29</span>
																				<span title='Test ended time' alt='Test ended time' class='test-ended-time label red lighten-2 text-white'>2016-08-09 17:18:49</span>
																				<span title='Time taken to finish' alt='Time taken to finish' class='test-time-taken label blue-grey lighten-2 text-white'>0h 0m 20s+0ms</span>
																				<span class='test-status label outline capitalize unknown'>unknown</span>
																			</div>
																			<div class='test-node-name'>Address</div>
																		</div>
																		<div class='collapsible-body'>
																			<div class='test-steps'>
																				<table class='bordered table-results'>
																					<thead>
																						<tr>
																							<th>Status</th>
																							<th>Timestamp</th>
																							<th>Details</th>
																						</tr>
																					</thead>
																					<tbody>
																					</tbody>
																				</table>
																			</div>
																		</div>
																	</li>
																	<li class='displayed unknown node-1x'>
																		<div class='collapsible-header test-node unknown'>
																			<div class='right test-info'>
																				<span title='Test started time' alt='Test started time' class='test-started-time label green lighten-2 text-white'>2016-08-09 17:18:29</span>
																				<span title='Test ended time' alt='Test ended time' class='test-ended-time label red lighten-2 text-white'>2016-08-09 17:18:49</span>
																				<span title='Time taken to finish' alt='Time taken to finish' class='test-time-taken label blue-grey lighten-2 text-white'>0h 0m 20s+0ms</span>
																				<span class='test-status label outline capitalize unknown'>unknown</span>
																			</div>
																			<div class='test-node-name'>Member</div>
																		</div>
																		<div class='collapsible-body'>
																			<div class='test-steps'>
																				<table class='bordered table-results'>
																					<thead>
																						<tr>
																							<th>Status</th>
																							<th>Timestamp</th>
																							<th>Details</th>
																						</tr>
																					</thead>
																					<tbody>
																					</tbody>
																				</table>
																			</div>
																		</div>
																	</li>
													</ul>
												</div>
											</div>
										</li>
										<li class='collection-item test displayed active error hasChildren' extentid='96a85eb1-1b72-45d9-b3ae-b4c537abf7ca'>
											<div class='test-head'>
												<span class='test-name'>IE </span>
												<span class='test-status label right outline capitalize error'>error</span>
												<span class='category-assigned hide '></span>
											</div>
											<div class='test-body'>
												<div class='test-info'>
													<span title='Test started time' alt='Test started time' class='test-started-time label green lighten-1 text-white'>2016-08-09 17:18:52</span>
													<span title='Test ended time' alt='Test ended time' class='test-ended-time label red lighten-1 text-white'>2016-08-09 17:19:22</span>
													<span title='Time taken to finish' alt='Time taken to finish' class='test-time-taken label blue-grey lighten-3 text-white'>0h 0m 29s+281ms</span>
												</div>
												<div class='test-desc'></div>
												<div class='test-attributes'>
												</div>
												<div class='test-steps'>
													<table class='bordered table-results'>
														<thead>
															<tr>
																<th>Status</th>
																<th>Timestamp</th>
																<th>Details</th>
															</tr>
														</thead>
														<tbody>
														</tbody>
													</table>
													<ul class='collapsible node-list' data-collapsible='accordion'>
																	<li class='displayed error node-1x'>
																		<div class='collapsible-header test-node error'>
																			<div class='right test-info'>
																				<span title='Test started time' alt='Test started time' class='test-started-time label green lighten-2 text-white'>2016-08-09 17:18:52</span>
																				<span title='Test ended time' alt='Test ended time' class='test-ended-time label red lighten-2 text-white'>2016-08-09 17:19:22</span>
																				<span title='Time taken to finish' alt='Time taken to finish' class='test-time-taken label blue-grey lighten-2 text-white'>0h 0m 29s+281ms</span>
																				<span class='test-status label outline capitalize error'>error</span>
																			</div>
																			<div class='test-node-name'>Message</div>
																				<div class='test-node-desc'></div>
																		</div>
																		<div class='collapsible-body'>
																			<div class='test-steps'>
																				<table class='bordered table-results'>
																					<thead>
																						<tr>
																							<th>Status</th>
																							<th>Timestamp</th>
																							<th>Details</th>
																						</tr>
																					</thead>
																					<tbody>
																							<tr>
																								<td class='status pass' title='pass' alt='pass'><i class='mdi-action-check-circle'></i></td>
																								<td class='timestamp'>17:18:59</td>
																								<td class='step-details'>init</td>
																							</tr>
																							<tr>
																								<td class='status pass' title='pass' alt='pass'><i class='mdi-action-check-circle'></i></td>
																								<td class='timestamp'>17:19:10</td>
																								<td class='step-details'>loadAddress_FromGroup</td>
																							</tr>
																							<tr>
																								<td class='status pass' title='pass' alt='pass'><i class='mdi-action-check-circle'></i></td>
																								<td class='timestamp'>17:19:11</td>
																								<td class='step-details'>typeTitle</td>
																							</tr>
																							<tr>
																								<td class='status pass' title='pass' alt='pass'><i class='mdi-action-check-circle'></i></td>
																								<td class='timestamp'>17:19:11</td>
																								<td class='step-details'>typeMessage</td>
																							</tr>
																							<tr>
																								<td class='status pass' title='pass' alt='pass'><i class='mdi-action-check-circle'></i></td>
																								<td class='timestamp'>17:19:15</td>
																								<td class='step-details'>saveMessage</td>
																							</tr>
																							<tr>
																								<td class='status error' title='error' alt='error'><i class='mdi-alert-error'></i></td>
																								<td class='timestamp'>17:19:22</td>
																								<td class='step-details'>send<br><pre>org.openqa.selenium.NoSuchElementException: Unable to find element with id == textReceiverInput (WARNING: The server did not provide any stacktrace information)
Command duration or timeout: 5.17 seconds
For documentation on this error, please visit: http://seleniumhq.org/exceptions/no_such_element.html
Build info: version: '2.53.1', revision: 'a36b8b1cd5757287168e54b817830adce9b0158d', time: '2016-06-30 19:26:09'
System info: host: 'daou-2748', ip: '172.21.25.202', os.name: 'Windows 7', os.arch: 'x86', os.version: '6.1', java.version: '1.8.0_91'
Driver info: org.openqa.selenium.ie.InternetExplorerDriver
Capabilities [{browserAttachTimeout=0, ie.enableFullPageScreenshot=true, enablePersistentHover=true, ie.forceCreateProcessApi=false, ie.forceShellWindowsApi=false, pageLoadStrategy=normal, ignoreZoomSetting=false, ie.fileUploadDialogTimeout=3000, version=11, platform=WINDOWS, nativeEvents=true, ie.ensureCleanSession=false, elementScrollBehavior=0, ie.browserCommandLineSwitches=, requireWindowFocus=false, browserName=internet explorer, initialBrowserUrl=http://localhost:13187/, javascriptEnabled=true, ignoreProtectedModeSettings=false, enableElementCacheCleanup=true, unexpectedAlertBehaviour=dismiss}]
Session ID: 9a9d6ab4-1a29-4201-8141-b7dfa2f122dd
*** Element info: {Using=id, value=textReceiverInput}
	at sun.reflect.NativeConstructorAccessorImpl.newInstance0(Native Method)
	at sun.reflect.NativeConstructorAccessorImpl.newInstance(NativeConstructorAccessorImpl.java:62)
	at sun.reflect.DelegatingConstructorAccessorImpl.newInstance(DelegatingConstructorAccessorImpl.java:45)
	at java.lang.reflect.Constructor.newInstance(Constructor.java:423)
	at org.openqa.selenium.remote.ErrorHandler.createThrowable(ErrorHandler.java:206)
	at org.openqa.selenium.remote.ErrorHandler.throwIfResponseFailed(ErrorHandler.java:158)
	at org.openqa.selenium.remote.RemoteWebDriver.execute(RemoteWebDriver.java:678)
	at org.openqa.selenium.remote.RemoteWebDriver.findElement(RemoteWebDriver.java:363)
	at org.openqa.selenium.remote.RemoteWebDriver.findElementById(RemoteWebDriver.java:413)
	at org.openqa.selenium.By$ById.findElement(By.java:218)
	at org.openqa.selenium.remote.RemoteWebDriver.findElement(RemoteWebDriver.java:355)
	at com.daou.chasedae.web_test.adppurio.Message.send(Message.java:83)
	at com.daou.chasedae.web_test.adppurio.TestSuite.test(TestSuite.java:103)
	at com.daou.chasedae.web_test.adppurio.Main_IE.main(Main_IE.java:51)
	at sun.reflect.NativeMethodAccessorImpl.invoke0(Native Method)
	at sun.reflect.NativeMethodAccessorImpl.invoke(NativeMethodAccessorImpl.java:62)
	at sun.reflect.DelegatingMethodAccessorImpl.invoke(DelegatingMethodAccessorImpl.java:43)
	at java.lang.reflect.Method.invoke(Method.java:498)
	at org.junit.runners.model.FrameworkMethod$1.runReflectiveCall(FrameworkMethod.java:50)
	at org.junit.internal.runners.model.ReflectiveCallable.run(ReflectiveCallable.java:12)
	at org.junit.runners.model.FrameworkMethod.invokeExplosively(FrameworkMethod.java:47)
	at org.junit.internal.runners.statements.InvokeMethod.evaluate(InvokeMethod.java:17)
	at org.junit.internal.runners.statements.RunBefores.evaluate(RunBefores.java:26)
	at org.junit.internal.runners.statements.RunAfters.evaluate(RunAfters.java:27)
	at org.junit.runners.ParentRunner.runLeaf(ParentRunner.java:325)
	at org.junit.runners.BlockJUnit4ClassRunner.runChild(BlockJUnit4ClassRunner.java:78)
	at org.junit.runners.BlockJUnit4ClassRunner.runChild(BlockJUnit4ClassRunner.java:57)
	at org.junit.runners.ParentRunner$3.run(ParentRunner.java:290)
	at org.junit.runners.ParentRunner$1.schedule(ParentRunner.java:71)
	at org.junit.runners.ParentRunner.runChildren(ParentRunner.java:288)
	at org.junit.runners.ParentRunner.access$000(ParentRunner.java:58)
	at org.junit.runners.ParentRunner$2.evaluate(ParentRunner.java:268)
	at org.junit.runners.ParentRunner.run(ParentRunner.java:363)
	at org.junit.runners.Suite.runChild(Suite.java:128)
	at org.junit.runners.Suite.runChild(Suite.java:27)
	at org.junit.runners.ParentRunner$3.run(ParentRunner.java:290)
	at org.junit.runners.ParentRunner$1.schedule(ParentRunner.java:71)
	at org.junit.runners.ParentRunner.runChildren(ParentRunner.java:288)
	at org.junit.runners.ParentRunner.access$000(ParentRunner.java:58)
	at org.junit.runners.ParentRunner$2.evaluate(ParentRunner.java:268)
	at org.junit.runners.ParentRunner.run(ParentRunner.java:363)
	at org.junit.runner.JUnitCore.run(JUnitCore.java:137)
	at org.junit.runner.JUnitCore.run(JUnitCore.java:115)
	at org.junit.runner.JUnitCore.runMain(JUnitCore.java:77)
	at org.junit.runner.JUnitCore.main(JUnitCore.java:36)
	at com.daou.chasedae.web_test.Main.main(Main.java:17)
</pre></td>
																							</tr>
																					</tbody>
																				</table>
																			</div>
																		</div>
																	</li>
																	<li class='displayed unknown node-1x'>
																		<div class='collapsible-header test-node unknown'>
																			<div class='right test-info'>
																				<span title='Test started time' alt='Test started time' class='test-started-time label green lighten-2 text-white'>2016-08-09 17:18:52</span>
																				<span title='Test ended time' alt='Test ended time' class='test-ended-time label red lighten-2 text-white'>2016-08-09 17:19:22</span>
																				<span title='Time taken to finish' alt='Time taken to finish' class='test-time-taken label blue-grey lighten-2 text-white'>0h 0m 29s+281ms</span>
																				<span class='test-status label outline capitalize unknown'>unknown</span>
																			</div>
																			<div class='test-node-name'>Address</div>
																				<div class='test-node-desc'></div>
																		</div>
																		<div class='collapsible-body'>
																			<div class='test-steps'>
																				<table class='bordered table-results'>
																					<thead>
																						<tr>
																							<th>Status</th>
																							<th>Timestamp</th>
																							<th>Details</th>
																						</tr>
																					</thead>
																					<tbody>
																					</tbody>
																				</table>
																			</div>
																		</div>
																	</li>
																	<li class='displayed unknown node-1x'>
																		<div class='collapsible-header test-node unknown'>
																			<div class='right test-info'>
																				<span title='Test started time' alt='Test started time' class='test-started-time label green lighten-2 text-white'>2016-08-09 17:18:52</span>
																				<span title='Test ended time' alt='Test ended time' class='test-ended-time label red lighten-2 text-white'>2016-08-09 17:19:22</span>
																				<span title='Time taken to finish' alt='Time taken to finish' class='test-time-taken label blue-grey lighten-2 text-white'>0h 0m 29s+281ms</span>
																				<span class='test-status label outline capitalize unknown'>unknown</span>
																			</div>
																			<div class='test-node-name'>Member</div>
																				<div class='test-node-desc'></div>
																		</div>
																		<div class='collapsible-body'>
																			<div class='test-steps'>
																				<table class='bordered table-results'>
																					<thead>
																						<tr>
																							<th>Status</th>
																							<th>Timestamp</th>
																							<th>Details</th>
																						</tr>
																					</thead>
																					<tbody>
																					</tbody>
																				</table>
																			</div>
																		</div>
																	</li>
													</ul>
												</div>
											</div>
										</li>
								</ul>
							</div>
						</div>
					</div>
				</div>
				<div id='test-details-wrapper' class='col _addedCell2'>
					<div class='contents'>
						<div class='card-panel details-view'>
							<h5 class='details-name'></h5>
							<div class='step-filters right'>
								<span class='btn-floating btn-small waves-effect waves-light blue' status='info' alt='info' title='info'><i class='mdi-action-info-outline'></i></span>
								<span class='btn-floating btn-small waves-effect waves-light green' status='pass' alt='pass' title='pass'><i class='mdi-action-check-circle'></i></span>
								<span class='btn-floating btn-small waves-effect waves-light red' status='fail' alt='fail' title='fail'><i class='mdi-navigation-cancel'></i></span>
								<span class='btn-floating btn-small waves-effect waves-light red darken-4' status='fatal' alt='fatal' title='fatal'><i class='mdi-navigation-cancel'></i></span>
								<span class='btn-floating btn-small waves-effect waves-light red lighten-2' status='error' alt='error' title='error'><i class='mdi-alert-error'></i></span>
								<span class='btn-floating btn-small waves-effect waves-light orange' alt='warning' status='warning' title='warning'><i class='mdi-alert-warning'></i></span>
								<span class='btn-floating btn-small waves-effect waves-light cyan' status='skip' alt='skip' title='skip'><i class='mdi-content-redo'></i></span>
								<span class='btn-floating btn-small waves-effect waves-light grey darken-2' status='clear-step-filter' alt='Clear filters' title='Clear filters'><i class='mdi-content-clear'></i></span>
							</div>
							<div class='details-container'>
							</div>
						</div>
					</div>
				</div>
			</div>
			<!-- /tests -->
			
			<!-- categories -->
			<!-- /categories -->
			
			<!-- exceptions -->
			<!-- /exceptions -->
			
			<!-- testrunner logs -->
			<!-- /testrunner logs -->
			
		</div>
		<!-- /container -->
		
		<!-- test dashboard counts setting -->
		<div id='test-count-setting' class='modal bottom-sheet'> 
			<div class='modal-content'> 
				<h5>Configure Tests Count Setting</h5> 
				<input name='test-count-setting' type='radio' id='parentWithoutNodes' class='with-gap'> 
				<label for='parentWithoutNodes'>Parent Tests Only (Does not include child nodes in counts)</label> 
				<br> 
				<input name='test-count-setting' type='radio' id='parentWithoutNodesAndNodes' class='with-gap'> 
				<label for='parentWithoutNodesAndNodes'>Parent Tests Without Child Tests + Child Tests</label> 
				<br> 
				<input name='test-count-setting' type='radio' id='childNodes' class='with-gap'> 
				<label for='childNodes'>Child Tests Only</label> 
			</div> 
			<div class='modal-footer'> 
				<a href='#!' class='modal-action modal-close waves-effect waves-green btn'>Save</a> 
			</div> 
		</div>
		<!-- /test dashboard counts setting -->
		
		<!-- filter for step status -->
		<div id='step-status-filter' class='modal bottom-sheet'> 
			<div class='modal-content'> 
				<h5>Select status</h5> 
				<input checked class='filled-in' type='checkbox' id='step-dashboard-filter-pass'> 
				<label for='step-dashboard-filter-pass'>Pass</label> 
				<br> 
				<input checked class='filled-in' type='checkbox' id='step-dashboard-filter-fail'> 
				<label for='step-dashboard-filter-fail'>Fail</label> 
				<br> 
				<input checked class='filled-in' type='checkbox' id='step-dashboard-filter-fatal'> 
				<label for='step-dashboard-filter-fatal'>Fatal</label> 
				<br> 
				<input checked class='filled-in' type='checkbox' id='step-dashboard-filter-error'> 
				<label for='step-dashboard-filter-error'>Error</label> 
				<br> 
				<input checked class='filled-in' type='checkbox' id='step-dashboard-filter-warning'> 
				<label for='step-dashboard-filter-warning'>Warning</label> 
				<br> 
				<input checked class='filled-in' type='checkbox' id='step-dashboard-filter-skip'> 
				<label for='step-dashboard-filter-skip'>Skipped</label> 
				<br> 
				<input checked class='filled-in' type='checkbox' id='step-dashboard-filter-info'> 
				<label for='step-dashboard-filter-info'>Info</label> 
				<br> 
				<input checked class='filled-in' type='checkbox' id='step-dashboard-filter-unknown'> 
				<label for='step-dashboard-filter-unknown'>Unknown</label> 
			</div>
			<div class='modal-footer'> 
				<a href='#!' class='modal-action modal-close waves-effect waves-green btn'>Save</a> 
			</div> 
		</div>
		<!-- /filter for step status -->
		
		<script src='https://cdn.rawgit.com/anshooarora/extentreports/6032d73243ba4fe4fb8769eb9c315d4fdf16fe68/cdn/extent.js' type='text/javascript'></script>

		<script>$(document).ready(function() { $('.logo span').html('ExtentReports'); });</script>
		<script>
				
      
        $(document).ready(function() {
          
        });
      
    
		</script>
	</body>
</html>
